# JRE version: Java(TM) SE Runtime Environment (16.0+36) (build 16+36-2231)
# Java VM: Java HotSpot(TM) 64-Bit Server VM (16+36-2231, mixed mode, sharing, tiered, compressed oops, g1 gc, windows-amd64)
GC Precious Log:
 CPUs: 2 total, 2 available
 Memory: 3471M
 Large Page Support: Disabled
 NUMA Support: Disabled
 Compressed Oops: Enabled (32-bit)
 Heap Region Size: 1M
 Heap Min Capacity: 8M
 Heap Initial Capacity: 56M
 Heap Max Capacity: 868M
 Pre-touch: Disabled
 Parallel Workers: 2
 Concurrent Workers: 1
 Concurrent Refinement Workers: 2
 Periodic GC: Disabled
Heap:
 garbage-first heap   total 68608K, used 51411K [0x00000000c9c00000, 0x0000000100000000)
  region size 1024K, 18 young (18432K), 1 survivors (1024K)
 Metaspace       used 70071K, committed 70720K, reserved 1114112K
  class space    used 8712K, committed 9024K, reserved 1048576K
GC Heap History (20 events):
Event: 60.827 GC heap before
{Heap before GC invocations=37 (full 0):
 garbage-first heap   total 61440K, used 51370K [0x00000000c9c00000, 0x0000000100000000)
  region size 1024K, 22 young (22528K), 2 survivors (2048K)
 Metaspace       used 57810K, committed 58240K, reserved 1105920K
  class space    used 7474K, committed 7680K, reserved 1048576K
}
Event: 60.854 GC heap after
{Heap after GC invocations=38 (full 0):
 garbage-first heap   total 61440K, used 32307K [0x00000000c9c00000, 0x0000000100000000)
  region size 1024K, 3 young (3072K), 3 survivors (3072K)
 Metaspace       used 57810K, committed 58240K, reserved 1105920K
  class space    used 7474K, committed 7680K, reserved 1048576K
}
Event: 63.255 GC heap before
{Heap before GC invocations=38 (full 0):
 garbage-first heap   total 61440K, used 50739K [0x00000000c9c00000, 0x0000000100000000)
  region size 1024K, 21 young (21504K), 3 survivors (3072K)
 Metaspace       used 60173K, committed 60672K, reserved 1105920K
  class space    used 7793K, committed 8000K, reserved 1048576K
}
Event: 63.304 GC heap after
{Heap after GC invocations=39 (full 0):
 garbage-first heap   total 61440K, used 33921K [0x00000000c9c00000, 0x0000000100000000)
  region size 1024K, 3 young (3072K), 3 survivors (3072K)
 Metaspace       used 60173K, committed 60672K, reserved 1105920K
  class space    used 7793K, committed 8000K, reserved 1048576K
}
Event: 67.684 GC heap before
{Heap before GC invocations=40 (full 0):
 garbage-first heap   total 61440K, used 50305K [0x00000000c9c00000, 0x0000000100000000)
  region size 1024K, 19 young (19456K), 3 survivors (3072K)
 Metaspace       used 63053K, committed 63488K, reserved 1105920K
  class space    used 8185K, committed 8384K, reserved 1048576K
}
Event: 67.713 GC heap after
{Heap after GC invocations=41 (full 0):
 garbage-first heap   total 61440K, used 36005K [0x00000000c9c00000, 0x0000000100000000)
  region size 1024K, 2 young (2048K), 2 survivors (2048K)
 Metaspace       used 63053K, committed 63488K, reserved 1105920K
  class space    used 8185K, committed 8384K, reserved 1048576K
}
Event: 71.366 GC heap before
{Heap before GC invocations=41 (full 0):
 garbage-first heap   total 61440K, used 49317K [0x00000000c9c00000, 0x0000000100000000)
  region size 1024K, 16 young (16384K), 2 survivors (2048K)
 Metaspace       used 65781K, committed 66304K, reserved 1114112K
  class space    used 8443K, committed 8704K, reserved 1048576K
}
Event: 71.377 GC heap after
{Heap after GC invocations=42 (full 0):
 garbage-first heap   total 61440K, used 37086K [0x00000000c9c00000, 0x0000000100000000)
  region size 1024K, 1 young (1024K), 1 survivors (1024K)
 Metaspace       used 65781K, committed 66304K, reserved 1114112K
  class space    used 8443K, committed 8704K, reserved 1048576K
}
Event: 75.278 GC heap before
{Heap before GC invocations=43 (full 0):
 garbage-first heap   total 65536K, used 50398K [0x00000000c9c00000, 0x0000000100000000)
  region size 1024K, 14 young (14336K), 1 survivors (1024K)
 Metaspace       used 66622K, committed 67072K, reserved 1114112K
  class space    used 8484K, committed 8704K, reserved 1048576K
}
Event: 75.285 GC heap after
{Heap after GC invocations=44 (full 0):
 garbage-first heap   total 65536K, used 37062K [0x00000000c9c00000, 0x0000000100000000)
  region size 1024K, 1 young (1024K), 1 survivors (1024K)
 Metaspace       used 66622K, committed 67072K, reserved 1114112K
  class space    used 8484K, committed 8704K, reserved 1048576K
}
Event: 84.308 GC heap before
{Heap before GC invocations=44 (full 0):
 garbage-first heap   total 65536K, used 53446K [0x00000000c9c00000, 0x0000000100000000)
  region size 1024K, 17 young (17408K), 1 survivors (1024K)
 Metaspace       used 67198K, committed 67648K, reserved 1114112K
  class space    used 8491K, committed 8704K, reserved 1048576K
}
Event: 84.323 GC heap after
{Heap after GC invocations=45 (full 0):
 garbage-first heap   total 65536K, used 37577K [0x00000000c9c00000, 0x0000000100000000)
  region size 1024K, 2 young (2048K), 2 survivors (2048K)
 Metaspace       used 67198K, committed 67648K, reserved 1114112K
  class space    used 8491K, committed 8704K, reserved 1048576K
}
Event: 90.366 GC heap before
{Heap before GC invocations=46 (full 0):
 garbage-first heap   total 66560K, used 53961K [0x00000000c9c00000, 0x0000000100000000)
  region size 1024K, 18 young (18432K), 2 survivors (2048K)
 Metaspace       used 67823K, committed 68288K, reserved 1114112K
  class space    used 8526K, committed 8768K, reserved 1048576K
}
Event: 90.375 GC heap after
{Heap after GC invocations=47 (full 0):
 garbage-first heap   total 66560K, used 38110K [0x00000000c9c00000, 0x0000000100000000)
  region size 1024K, 2 young (2048K), 2 survivors (2048K)
 Metaspace       used 67823K, committed 68288K, reserved 1114112K
  class space    used 8526K, committed 8768K, reserved 1048576K
}
Event: 94.786 GC heap before
{Heap before GC invocations=47 (full 0):
 garbage-first heap   total 66560K, used 55518K [0x00000000c9c00000, 0x0000000100000000)
  region size 1024K, 19 young (19456K), 2 survivors (2048K)
 Metaspace       used 68355K, committed 68864K, reserved 1114112K
  class space    used 8541K, committed 8768K, reserved 1048576K
}
Event: 94.800 GC heap after
{Heap after GC invocations=48 (full 0):
 garbage-first heap   total 66560K, used 38314K [0x00000000c9c00000, 0x0000000100000000)
  region size 1024K, 2 young (2048K), 2 survivors (2048K)
 Metaspace       used 68355K, committed 68864K, reserved 1114112K
  class space    used 8541K, committed 8768K, reserved 1048576K
}
Event: 98.844 GC heap before
{Heap before GC invocations=49 (full 0):
 garbage-first heap   total 68608K, used 53674K [0x00000000c9c00000, 0x0000000100000000)
  region size 1024K, 18 young (18432K), 2 survivors (2048K)
 Metaspace       used 69437K, committed 70016K, reserved 1114112K
  class space    used 8631K, committed 8896K, reserved 1048576K
}
Event: 98.856 GC heap after
{Heap after GC invocations=50 (full 0):
 garbage-first heap   total 68608K, used 38696K [0x00000000c9c00000, 0x0000000100000000)
  region size 1024K, 2 young (2048K), 2 survivors (2048K)
 Metaspace       used 69437K, committed 70016K, reserved 1114112K
  class space    used 8631K, committed 8896K, reserved 1048576K
}
Event: 98.992 GC heap before
{Heap before GC invocations=50 (full 0):
 garbage-first heap   total 68608K, used 39720K [0x00000000c9c00000, 0x0000000100000000)
  region size 1024K, 3 young (3072K), 2 survivors (2048K)
 Metaspace       used 69520K, committed 70080K, reserved 1114112K
  class space    used 8638K, committed 8896K, reserved 1048576K
}
Event: 99.021 GC heap after
{Heap after GC invocations=51 (full 0):
 garbage-first heap   total 68608K, used 36051K [0x00000000c9c00000, 0x0000000100000000)
  region size 1024K, 1 young (1024K), 1 survivors (1024K)
 Metaspace       used 69520K, committed 70080K, reserved 1114112K
  class space    used 8638K, committed 8896K, reserved 1048576K
}

