# JRE version: Java(TM) SE Runtime Environment (16.0+36) (build 16+36-2231)
# Java VM: Java HotSpot(TM) 64-Bit Server VM (16+36-2231, mixed mode, sharing, tiered, compressed oops, g1 gc, windows-amd64)
GC Precious Log:
 CPUs: 2 total, 2 available
 Memory: 3471M
 Large Page Support: Disabled
 NUMA Support: Disabled
 Compressed Oops: Enabled (32-bit)
 Heap Region Size: 1M
 Heap Min Capacity: 8M
 Heap Initial Capacity: 56M
 Heap Max Capacity: 868M
 Pre-touch: Disabled
 Parallel Workers: 2
 Concurrent Workers: 1
 Concurrent Refinement Workers: 2
 Periodic GC: Disabled
Heap:
 garbage-first heap   total 75776K, used 59169K [0x00000000c9c00000, 0x0000000100000000)
  region size 1024K, 28 young (28672K), 1 survivors (1024K)
 Metaspace       used 69901K, committed 70656K, reserved 1114112K
  class space    used 8698K, committed 9024K, reserved 1048576K
GC Heap History (20 events):
Event: 984.965 GC heap before
{Heap before GC invocations=44 (full 0):
 garbage-first heap   total 75776K, used 64409K [0x00000000c9c00000, 0x0000000100000000)
  region size 1024K, 30 young (30720K), 1 survivors (1024K)
 Metaspace       used 69864K, committed 70656K, reserved 1114112K
  class space    used 8696K, committed 9024K, reserved 1048576K
}
Event: 984.970 GC heap after
{Heap after GC invocations=45 (full 0):
 garbage-first heap   total 75776K, used 34752K [0x00000000c9c00000, 0x0000000100000000)
  region size 1024K, 1 young (1024K), 1 survivors (1024K)
 Metaspace       used 69864K, committed 70656K, reserved 1114112K
  class space    used 8696K, committed 9024K, reserved 1048576K
}
Event: 1010.981 GC heap before
{Heap before GC invocations=46 (full 0):
 garbage-first heap   total 75776K, used 65472K [0x00000000c9c00000, 0x0000000100000000)
  region size 1024K, 31 young (31744K), 1 survivors (1024K)
 Metaspace       used 69867K, committed 70656K, reserved 1114112K
  class space    used 8696K, committed 9024K, reserved 1048576K
}
Event: 1010.991 GC heap after
{Heap after GC invocations=47 (full 0):
 garbage-first heap   total 75776K, used 34817K [0x00000000c9c00000, 0x0000000100000000)
  region size 1024K, 1 young (1024K), 1 survivors (1024K)
 Metaspace       used 69867K, committed 70656K, reserved 1114112K
  class space    used 8696K, committed 9024K, reserved 1048576K
}
Event: 1011.471 GC heap before
{Heap before GC invocations=47 (full 0):
 garbage-first heap   total 75776K, used 36865K [0x00000000c9c00000, 0x0000000100000000)
  region size 1024K, 3 young (3072K), 1 survivors (1024K)
 Metaspace       used 69867K, committed 70656K, reserved 1114112K
  class space    used 8696K, committed 9024K, reserved 1048576K
}
Event: 1011.565 GC heap after
{Heap after GC invocations=48 (full 0):
 garbage-first heap   total 75776K, used 32507K [0x00000000c9c00000, 0x0000000100000000)
  region size 1024K, 1 young (1024K), 1 survivors (1024K)
 Metaspace       used 69867K, committed 70656K, reserved 1114112K
  class space    used 8696K, committed 9024K, reserved 1048576K
}
Event: 1030.670 GC heap before
{Heap before GC invocations=48 (full 0):
 garbage-first heap   total 75776K, used 65275K [0x00000000c9c00000, 0x0000000100000000)
  region size 1024K, 33 young (33792K), 1 survivors (1024K)
 Metaspace       used 69881K, committed 70656K, reserved 1114112K
  class space    used 8697K, committed 9024K, reserved 1048576K
}
Event: 1030.681 GC heap after
{Heap after GC invocations=49 (full 0):
 garbage-first heap   total 75776K, used 32492K [0x00000000c9c00000, 0x0000000100000000)
  region size 1024K, 1 young (1024K), 1 survivors (1024K)
 Metaspace       used 69881K, committed 70656K, reserved 1114112K
  class space    used 8697K, committed 9024K, reserved 1048576K
}
Event: 1049.771 GC heap before
{Heap before GC invocations=49 (full 0):
 garbage-first heap   total 75776K, used 65260K [0x00000000c9c00000, 0x0000000100000000)
  region size 1024K, 33 young (33792K), 1 survivors (1024K)
 Metaspace       used 69890K, committed 70656K, reserved 1114112K
  class space    used 8697K, committed 9024K, reserved 1048576K
}
Event: 1049.791 GC heap after
{Heap after GC invocations=50 (full 0):
 garbage-first heap   total 75776K, used 32510K [0x00000000c9c00000, 0x0000000100000000)
  region size 1024K, 1 young (1024K), 1 survivors (1024K)
 Metaspace       used 69890K, committed 70656K, reserved 1114112K
  class space    used 8697K, committed 9024K, reserved 1048576K
}
Event: 1071.146 GC heap before
{Heap before GC invocations=50 (full 0):
 garbage-first heap   total 75776K, used 65278K [0x00000000c9c00000, 0x0000000100000000)
  region size 1024K, 33 young (33792K), 1 survivors (1024K)
 Metaspace       used 69891K, committed 70656K, reserved 1114112K
  class space    used 8698K, committed 9024K, reserved 1048576K
}
Event: 1071.164 GC heap after
{Heap after GC invocations=51 (full 0):
 garbage-first heap   total 75776K, used 32515K [0x00000000c9c00000, 0x0000000100000000)
  region size 1024K, 1 young (1024K), 1 survivors (1024K)
 Metaspace       used 69891K, committed 70656K, reserved 1114112K
  class space    used 8698K, committed 9024K, reserved 1048576K
}
Event: 1085.089 GC heap before
{Heap before GC invocations=51 (full 0):
 garbage-first heap   total 75776K, used 65283K [0x00000000c9c00000, 0x0000000100000000)
  region size 1024K, 33 young (33792K), 1 survivors (1024K)
 Metaspace       used 69891K, committed 70656K, reserved 1114112K
  class space    used 8698K, committed 9024K, reserved 1048576K
}
Event: 1085.094 GC heap after
{Heap after GC invocations=52 (full 0):
 garbage-first heap   total 75776K, used 32520K [0x00000000c9c00000, 0x0000000100000000)
  region size 1024K, 1 young (1024K), 1 survivors (1024K)
 Metaspace       used 69891K, committed 70656K, reserved 1114112K
  class space    used 8698K, committed 9024K, reserved 1048576K
}
Event: 1105.683 GC heap before
{Heap before GC invocations=52 (full 0):
 garbage-first heap   total 75776K, used 65288K [0x00000000c9c00000, 0x0000000100000000)
  region size 1024K, 33 young (33792K), 1 survivors (1024K)
 Metaspace       used 69891K, committed 70656K, reserved 1114112K
  class space    used 8698K, committed 9024K, reserved 1048576K
}
Event: 1105.688 GC heap after
{Heap after GC invocations=53 (full 0):
 garbage-first heap   total 75776K, used 32504K [0x00000000c9c00000, 0x0000000100000000)
  region size 1024K, 1 young (1024K), 1 survivors (1024K)
 Metaspace       used 69891K, committed 70656K, reserved 1114112K
  class space    used 8698K, committed 9024K, reserved 1048576K
}
Event: 1129.647 GC heap before
{Heap before GC invocations=53 (full 0):
 garbage-first heap   total 75776K, used 65272K [0x00000000c9c00000, 0x0000000100000000)
  region size 1024K, 33 young (33792K), 1 survivors (1024K)
 Metaspace       used 69894K, committed 70656K, reserved 1114112K
  class space    used 8698K, committed 9024K, reserved 1048576K
}
Event: 1129.651 GC heap after
{Heap after GC invocations=54 (full 0):
 garbage-first heap   total 75776K, used 32500K [0x00000000c9c00000, 0x0000000100000000)
  region size 1024K, 1 young (1024K), 1 survivors (1024K)
 Metaspace       used 69894K, committed 70656K, reserved 1114112K
  class space    used 8698K, committed 9024K, reserved 1048576K
}
Event: 1144.628 GC heap before
{Heap before GC invocations=54 (full 0):
 garbage-first heap   total 75776K, used 65268K [0x00000000c9c00000, 0x0000000100000000)
  region size 1024K, 33 young (33792K), 1 survivors (1024K)
 Metaspace       used 69898K, committed 70656K, reserved 1114112K
  class space    used 8698K, committed 9024K, reserved 1048576K
}
Event: 1144.633 GC heap after
{Heap after GC invocations=55 (full 0):
 garbage-first heap   total 75776K, used 32545K [0x00000000c9c00000, 0x0000000100000000)
  region size 1024K, 1 young (1024K), 1 survivors (1024K)
 Metaspace       used 69898K, committed 70656K, reserved 1114112K
  class space    used 8698K, committed 9024K, reserved 1048576K
}

